c:\users\adam\desktop\code4fun\metnum\projekt\debug\vc141.pdb
c:\users\adam\desktop\code4fun\metnum\projekt\debug\vc141.idb
c:\users\adam\desktop\code4fun\metnum\projekt\debug\main.obj
c:\users\adam\desktop\code4fun\metnum\projekt\debug\winbgi2.obj
c:\users\adam\desktop\code4fun\metnum\projekt\debug\matmult.obj
c:\users\adam\desktop\code4fun\metnum\projekt\debug\gauss.obj
c:\users\adam\desktop\pracamgr\code\cpp\projekt\debug\vc141.pdb
c:\users\adam\desktop\pracamgr\code\cpp\projekt\debug\vc141.idb
c:\users\adam\desktop\pracamgr\code\cpp\projekt\debug\main.obj
c:\users\adam\desktop\pracamgr\code\cpp\projekt\debug\matmult.obj
c:\users\adam\desktop\pracamgr\code\cpp\projekt\debug\winbgi2.obj
c:\users\adam\desktop\code4fun\metnum\projekt\debug\winbgi.exe
c:\users\adam\desktop\code4fun\metnum\projekt\debug\winbgi.ilk
c:\users\adam\desktop\code4fun\metnum\projekt\debug\winbgi.pdb
c:\users\adam\desktop\pracamgr\code\cpp\projekt\debug\winbgi.exe
c:\users\adam\desktop\pracamgr\code\cpp\projekt\debug\winbgi.ilk
c:\users\adam\desktop\pracamgr\code\cpp\projekt\debug\winbgi.pdb
c:\users\adam\desktop\pracamgr\code\cpp\projekt\debug\gauss.obj
c:\users\adam\desktop\pracamgr\code\cpp\projekt\debug\winbgi.tlog\cl.command.1.tlog
c:\users\adam\desktop\pracamgr\code\cpp\projekt\debug\winbgi.tlog\cl.read.1.tlog
c:\users\adam\desktop\pracamgr\code\cpp\projekt\debug\winbgi.tlog\cl.write.1.tlog
c:\users\adam\desktop\pracamgr\code\cpp\projekt\debug\winbgi.tlog\link.command.1.tlog
c:\users\adam\desktop\pracamgr\code\cpp\projekt\debug\winbgi.tlog\link.read.1.tlog
c:\users\adam\desktop\pracamgr\code\cpp\projekt\debug\winbgi.tlog\link.write.1.tlog
